<?xml version="1.0" encoding="UTF-8"?>
<!-- Generated by org.testng.reporters.JUnitReportReporter -->
<testsuite hostname="DESKTOP-KPL65EH" failures="0" tests="1" name="testng.parameterization.ParameterExample" time="110.893" errors="0" timestamp="2024-07-04T13:36:42 GMT-07:00" skipped="0">
  <testcase classname="testng.parameterization.ParameterExample" name="verifyBestInstitute" time="110.893"/>
</testsuite> <!-- testng.parameterization.ParameterExample -->
